<?xml version="1.0" encoding="UTF-8"?>
<testsuite xmlns:xsi="http://www.w3.org/2001/XMLSchema-instance" xsi:noNamespaceSchemaLocation="https://maven.apache.org/surefire/maven-surefire-plugin/xsd/surefire-test-report-3.0.xsd" version="3.0" name="com.mycompany.jeannelmvc.DAOInfoMVCTest" time="7.082" tests="5" errors="0" skipped="0" failures="0">
  <properties>
[...]
</properties>
  <testcase name="testRead" classname="com.mycompany.jeannelmvc.DAOInfoMVCTest" time="1.061">
    <system-err><![CDATA[Loading class `com.mysql.jdbc.Driver'. This is deprecated. The new driver class is `com.mysql.cj.jdbc.Driver'. The driver is automatically registered via the SPI and manual loading of the driver class is generally unnecessary.
]]></system-err>
  </testcase>
  <testcase name="testCreate" classname="com.mycompany.jeannelmvc.DAOInfoMVCTest" time="3.348"/>
  <testcase name="testDelete" classname="com.mycompany.jeannelmvc.DAOInfoMVCTest" time="1.475"/>
  <testcase name="testSearch" classname="com.mycompany.jeannelmvc.DAOInfoMVCTest" time="0.07"/>
  <testcase name="testUpdate" classname="com.mycompany.jeannelmvc.DAOInfoMVCTest" time="1.085"/>
</testsuite>